0 info it worked if it ends with ok
1 verbose cli [ '/h/u13/g2/00/g1daphne/node/bin/node',
1 verbose cli   '/h/u13/g2/00/g1daphne/node/bin/npm',
1 verbose cli   'install',
1 verbose cli   'Q' ]
2 info using npm@1.2.11
3 info using node@v0.8.20
4 verbose read json /h/u13/g2/00/g1daphne/CODE/server/package.json
5 verbose read json /h/u13/g2/00/g1daphne/CODE/server/node_modules/underscore/package.json
6 verbose read json /h/u13/g2/00/g1daphne/CODE/server/node_modules/request/package.json
7 verbose read json /h/u13/g2/00/g1daphne/CODE/server/node_modules/coffee-script/package.json
8 verbose read json /h/u13/g2/00/g1daphne/CODE/server/node_modules/mysql/package.json
9 verbose read json /h/u13/g2/00/g1daphne/CODE/server/node_modules/express/package.json
10 verbose read json /h/u13/g2/00/g1daphne/CODE/server/package.json
11 verbose cache add [ 'Q', null ]
12 verbose cache add name=undefined spec="Q" args=["Q",null]
13 verbose parsed url { pathname: 'Q', path: 'Q', href: 'Q' }
14 silly lockFile c3156e00-Q Q
15 verbose lock Q /h/u13/g2/00/g1daphne/.npm/c3156e00-Q.lock
16 silly lockFile c3156e00-Q Q
17 silly lockFile c3156e00-Q Q
18 verbose addNamed [ 'Q', '' ]
19 verbose addNamed [ null, '' ]
20 silly lockFile 561e3931-Q Q@
21 verbose lock Q@ /h/u13/g2/00/g1daphne/.npm/561e3931-Q.lock
22 silly addNameRange { name: 'Q', range: '', hasData: false }
23 verbose url raw Q
24 verbose url resolving [ 'https://registry.npmjs.org/', './Q' ]
25 verbose url resolved https://registry.npmjs.org/Q
26 info trying registry request attempt 1 at 21:07:38
27 http GET https://registry.npmjs.org/Q
28 http 404 https://registry.npmjs.org/Q
29 silly registry.get cb [ 404,
29 silly registry.get   { date: 'Sun, 02 Mar 2014 02:07:38 GMT',
29 silly registry.get     server: 'CouchDB/1.5.0 (Erlang OTP/R16B)',
29 silly registry.get     'content-type': 'application/json',
29 silly registry.get     via: '1.1 varnish',
29 silly registry.get     'cache-control': 'max-age=0',
29 silly registry.get     'content-length': '52',
29 silly registry.get     'accept-ranges': 'bytes',
29 silly registry.get     age: '0',
29 silly registry.get     'x-served-by': 'cache-v36-ASH, cache-jfk1024-JFK',
29 silly registry.get     'x-cache': 'MISS, MISS',
29 silly registry.get     'x-cache-hits': '0, 0',
29 silly registry.get     'x-timer': 'S1393726058.580019712,VS0,VS-318,VE-298,VE27',
29 silly registry.get     'keep-alive': 'timeout=10, max=50',
29 silly registry.get     connection: 'Keep-Alive' } ]
30 silly lockFile 561e3931-Q Q@
31 silly lockFile 561e3931-Q Q@
32 error 404 'Q' is not in the npm registry.
32 error 404 You should bug the author to publish it
32 error 404
32 error 404 Note that you can also install from a
32 error 404 tarball, folder, or http url, or git url.
33 error System Linux 3.2.0-53-generic
34 error command "/h/u13/g2/00/g1daphne/node/bin/node" "/h/u13/g2/00/g1daphne/node/bin/npm" "install" "Q"
35 error cwd /h/u13/g2/00/g1daphne/CODE/server/src/js
36 error node -v v0.8.20
37 error npm -v 1.2.11
38 error code E404
39 verbose exit [ 1, true ]
